<?xml version="1.0" encoding="UTF-8"?>
<!-- Generated by org.testng.reporters.JUnitXMLReporter -->
<testsuite ignored="0" hostname="LAPTOP-H9M8V3TF" failures="0" tests="5" name="REQ001" time="55.795" errors="0" timestamp="2025-04-07T14:12:46 SGT">
  <testcase classname="UIValidation.REQ001A" name="verifyDifferentRequestTypesAndEndpoints" time="0.552"/>
  <testcase classname="UIValidation.REQ001B_SUPPORTUPGRADE" name="testSupportButton" time="0.281"/>
  <testcase classname="UIValidation.REQ001B_SUPPORTUPGRADE" name="testSupportOptions" time="0.07"/>
  <testcase classname="UIValidation.REQ001B_SUPPORTUPGRADE" name="testUpgrade" time="3.352"/>
  <testcase classname="UIValidation.REQ001B" name="verifyEndpointDetails" time="37.106"/>
</testsuite> <!-- REQ001 -->
