<?xml version="1.0" encoding="UTF-8"?>
<testng-results ignored="0" total="5" passed="5" failed="0" skipped="0">
  <reporter-output>
  </reporter-output>
  <suite started-at="2025-04-07T14:11:51 SGT" name="UI Testing" finished-at="2025-04-07T14:12:46 SGT" duration-ms="55795">
    <groups>
    </groups>
    <test started-at="2025-04-07T14:11:51 SGT" name="REQ001" finished-at="2025-04-07T14:12:46 SGT" duration-ms="55795">
      <class name="UIValidation.REQ001A">
        <test-method is-config="true" signature="browsersetup()[pri:0, instance:UIValidation.REQ001A@4d1c005e]" started-at="2025-04-07T14:11:51 SGT" name="browsersetup" finished-at="2025-04-07T14:11:56 SGT" duration-ms="5304" status="PASS">
          <reporter-output>
          </reporter-output>
        </test-method> <!-- browsersetup -->
        <test-method signature="verifyDifferentRequestTypesAndEndpoints()[pri:0, instance:UIValidation.REQ001A@4d1c005e]" started-at="2025-04-07T14:11:56 SGT" name="verifyDifferentRequestTypesAndEndpoints" finished-at="2025-04-07T14:11:57 SGT" duration-ms="552" status="PASS">
          <reporter-output>
          </reporter-output>
        </test-method> <!-- verifyDifferentRequestTypesAndEndpoints -->
        <test-method is-config="true" signature="teardown()[pri:0, instance:UIValidation.REQ001A@4d1c005e]" started-at="2025-04-07T14:11:57 SGT" name="teardown" finished-at="2025-04-07T14:11:57 SGT" duration-ms="214" status="PASS">
          <reporter-output>
          </reporter-output>
        </test-method> <!-- teardown -->
      </class> <!-- UIValidation.REQ001A -->
      <class name="UIValidation.REQ001B">
        <test-method is-config="true" signature="browsersetup()[pri:0, instance:UIValidation.REQ001B@7188af83]" started-at="2025-04-07T14:12:05 SGT" name="browsersetup" finished-at="2025-04-07T14:12:09 SGT" duration-ms="3772" status="PASS">
          <reporter-output>
          </reporter-output>
        </test-method> <!-- browsersetup -->
        <test-method signature="verifyEndpointDetails()[pri:0, instance:UIValidation.REQ001B@7188af83]" started-at="2025-04-07T14:12:09 SGT" name="verifyEndpointDetails" finished-at="2025-04-07T14:12:46 SGT" duration-ms="37106" status="PASS">
          <reporter-output>
          </reporter-output>
        </test-method> <!-- verifyEndpointDetails -->
        <test-method is-config="true" signature="teardown()[pri:0, instance:UIValidation.REQ001B@7188af83]" started-at="2025-04-07T14:12:46 SGT" name="teardown" finished-at="2025-04-07T14:12:46 SGT" duration-ms="479" status="PASS">
          <reporter-output>
          </reporter-output>
        </test-method> <!-- teardown -->
      </class> <!-- UIValidation.REQ001B -->
      <class name="UIValidation.REQ001B_SUPPORTUPGRADE">
        <test-method is-config="true" signature="setup()[pri:0, instance:UIValidation.REQ001B_SUPPORTUPGRADE@59402b8f]" started-at="2025-04-07T14:11:57 SGT" name="setup" finished-at="2025-04-07T14:12:01 SGT" duration-ms="4182" status="PASS">
          <reporter-output>
          </reporter-output>
        </test-method> <!-- setup -->
        <test-method signature="testSupportButton()[pri:0, instance:UIValidation.REQ001B_SUPPORTUPGRADE@59402b8f]" started-at="2025-04-07T14:12:01 SGT" name="testSupportButton" finished-at="2025-04-07T14:12:01 SGT" duration-ms="281" status="PASS">
          <reporter-output>
          </reporter-output>
        </test-method> <!-- testSupportButton -->
        <test-method signature="testSupportOptions()[pri:0, instance:UIValidation.REQ001B_SUPPORTUPGRADE@59402b8f]" started-at="2025-04-07T14:12:01 SGT" name="testSupportOptions" finished-at="2025-04-07T14:12:01 SGT" duration-ms="70" status="PASS">
          <reporter-output>
          </reporter-output>
        </test-method> <!-- testSupportOptions -->
        <test-method signature="testUpgrade()[pri:0, instance:UIValidation.REQ001B_SUPPORTUPGRADE@59402b8f]" started-at="2025-04-07T14:12:01 SGT" name="testUpgrade" finished-at="2025-04-07T14:12:05 SGT" duration-ms="3352" status="PASS">
          <reporter-output>
          </reporter-output>
        </test-method> <!-- testUpgrade -->
        <test-method is-config="true" signature="teardown()[pri:0, instance:UIValidation.REQ001B_SUPPORTUPGRADE@59402b8f]" started-at="2025-04-07T14:12:05 SGT" name="teardown" finished-at="2025-04-07T14:12:05 SGT" duration-ms="397" status="PASS">
          <reporter-output>
          </reporter-output>
        </test-method> <!-- teardown -->
      </class> <!-- UIValidation.REQ001B_SUPPORTUPGRADE -->
    </test> <!-- REQ001 -->
  </suite> <!-- UI Testing -->
</testng-results>
